<?xml version="1.0" encoding="UTF-8"?>
<testng-results ignored="0" total="1" passed="1" failed="0" skipped="0">
  <reporter-output>
  </reporter-output>
  <suite started-at="2023-03-28T10:36:24 CEST" name="Command line suite" finished-at="2023-03-28T10:36:50 CEST" duration-ms="26477">
    <groups>
      <group name="cucumber">
        <method signature="AbstractTestNGCucumberTests.runScenario(io.cucumber.testng.PickleWrapper,io.cucumber.testng.FeatureWrapper)[pri:0, instance:cucumberOptions.TestNGTestRunner@4efc180e]" name="runScenario" class="io.cucumber.testng.AbstractTestNGCucumberTests"/>
      </group> <!-- cucumber -->
    </groups>
    <test started-at="2023-03-28T10:36:24 CEST" name="Command line test" finished-at="2023-03-28T10:36:50 CEST" duration-ms="26477">
      <class name="cucumberOptions.TestNGTestRunner">
        <test-method is-config="true" signature="setUpClass(org.testng.ITestContext)[pri:0, instance:cucumberOptions.TestNGTestRunner@4efc180e]" started-at="2023-03-28T10:36:24 CEST" name="setUpClass" finished-at="2023-03-28T10:36:27 CEST" duration-ms="2752" status="PASS">
          <params>
            <param index="0">
              <value>
                <![CDATA[org.testng.TestRunner@714e861f]]>
              </value>
            </param>
          </params>
          <reporter-output>
          </reporter-output>
        </test-method> <!-- setUpClass -->
        <test-method signature="runScenario(io.cucumber.testng.PickleWrapper,io.cucumber.testng.FeatureWrapper)[pri:0, instance:cucumberOptions.TestNGTestRunner@4efc180e]" started-at="2023-03-28T10:36:27 CEST" name="runScenario" description="Runs Cucumber Scenarios" data-provider="scenarios" finished-at="2023-03-28T10:36:50 CEST" duration-ms="22650" status="PASS">
          <params>
            <param index="0">
              <value>
                <![CDATA["Find Tomato, verify productName, add 3 pieces to cart, verify checkout page"]]>
              </value>
            </param>
            <param index="1">
              <value>
                <![CDATA["find needed product and add required quantity to cart"]]>
              </value>
            </param>
          </params>
          <reporter-output>
          </reporter-output>
        </test-method> <!-- runScenario -->
        <test-method is-config="true" signature="tearDownClass()[pri:0, instance:cucumberOptions.TestNGTestRunner@4efc180e]" started-at="2023-03-28T10:36:50 CEST" name="tearDownClass" finished-at="2023-03-28T10:36:50 CEST" duration-ms="948" status="PASS">
          <reporter-output>
          </reporter-output>
        </test-method> <!-- tearDownClass -->
      </class> <!-- cucumberOptions.TestNGTestRunner -->
    </test> <!-- Command line test -->
  </suite> <!-- Command line suite -->
</testng-results>
